2019-09-04 10:43:38  [ main:0 ] - [ INFO ]  开始生成copylist，源文件路径：C:/Users/ZHANG/Desktop/1.txt，源文件前缀：/04javaemp/01dev/05code/emp_branches/emp_7.3_windows/emp，目标文件路径：C:/Users/ZHANG/Desktop/2.txt，目标文件前缀：emp
2019-09-04 10:43:59  [ main:20968 ] - [ INFO ]  检测到路径WebRoot/rms/webapp下有文件修改，加入dist路径，请勿忘记打包dist
2019-09-04 10:43:59  [ main:20969 ] - [ INFO ]  生成copylist成功
2019-09-04 11:19:24  [ main:0 ] - [ INFO ]  开始生成copylist，源文件路径：C:/Users/ZHANG/Desktop/1.txt，源文件前缀：/04javaemp/01dev/05code/emp_branches/emp_7.3_windows/emp，目标文件路径：C:/Users/ZHANG/Desktop/copylist_new.txt，目标文件前缀：emp_sta
2019-09-04 11:19:33  [ main:9509 ] - [ ERROR ]  源文件路径不存在:C:/Users/ZHANG/Desktop/1.txt
2019-09-04 11:19:48  [ main:24130 ] - [ INFO ]  生成copylist失败
2019-09-04 11:20:02  [ main:0 ] - [ INFO ]  开始生成copylist，源文件路径：C:/Users/ZHANG/Desktop/1.txt，源文件前缀：/04javaemp/01dev/05code/emp_branches/emp_7.3_windows/emp，目标文件路径：C:/Users/ZHANG/Desktop/copylist_new.txt，目标文件前缀：emp_sta
2019-09-04 11:21:21  [ main:78648 ] - [ INFO ]  检测到路径WebRoot/rms/webapp下有文件修改，加入dist路径，请勿忘记打包dist
2019-09-04 11:21:21  [ main:78649 ] - [ INFO ]  生成copylist成功
2019-09-04 11:23:41  [ main:0 ] - [ INFO ]  开始生成copylist，源文件路径：C:/Users/ZHANG/Desktop/1.txt，源文件前缀：/04javaemp/01dev/05code/emp_branches/emp_7.3_windows/emp，目标文件路径：C:/Users/ZHANG/Desktop/copylist_new.txt，目标文件前缀：emp_sta
2019-09-04 11:23:41  [ main:5 ] - [ INFO ]  copylist路径为：C:\Users\ZHANG\Desktop\copylist_new.txt
2019-09-04 11:23:41  [ main:5 ] - [ INFO ]  copylist路径为：C:\Users\ZHANG\Desktop\copylist_new.txt
2019-09-04 11:23:41  [ main:5 ] - [ INFO ]  copylist路径为：C:\Users\ZHANG\Desktop\copylist_new.txt
2019-09-04 11:23:41  [ main:5 ] - [ INFO ]  copylist路径为：C:\Users\ZHANG\Desktop\copylist_new.txt
2019-09-04 11:23:41  [ main:5 ] - [ INFO ]  copylist路径为：C:\Users\ZHANG\Desktop\copylist_new.txt
2019-09-04 11:23:41  [ main:8 ] - [ INFO ]  copylist路径为：C:\Users\ZHANG\Desktop\copylist_new.txt
2019-09-04 11:23:41  [ main:8 ] - [ INFO ]  copylist路径为：C:\Users\ZHANG\Desktop\copylist_new.txt
2019-09-04 11:23:41  [ main:8 ] - [ INFO ]  copylist路径为：C:\Users\ZHANG\Desktop\copylist_new.txt
2019-09-04 11:23:41  [ main:9 ] - [ INFO ]  copylist路径为：C:\Users\ZHANG\Desktop\copylist_new.txt
2019-09-04 11:23:41  [ main:9 ] - [ INFO ]  copylist路径为：C:\Users\ZHANG\Desktop\copylist_new.txt
2019-09-04 11:23:41  [ main:9 ] - [ INFO ]  copylist路径为：C:\Users\ZHANG\Desktop\copylist_new.txt
2019-09-04 11:23:41  [ main:10 ] - [ INFO ]  copylist路径为：C:\Users\ZHANG\Desktop\copylist_new.txt
2019-09-04 11:23:41  [ main:11 ] - [ INFO ]  copylist路径为：C:\Users\ZHANG\Desktop\copylist_new.txt
2019-09-04 11:23:41  [ main:11 ] - [ INFO ]  copylist路径为：C:\Users\ZHANG\Desktop\copylist_new.txt
2019-09-04 11:23:41  [ main:11 ] - [ INFO ]  copylist路径为：C:\Users\ZHANG\Desktop\copylist_new.txt
2019-09-04 11:23:41  [ main:12 ] - [ INFO ]  copylist路径为：C:\Users\ZHANG\Desktop\copylist_new.txt
2019-09-04 11:23:41  [ main:13 ] - [ INFO ]  copylist路径为：C:\Users\ZHANG\Desktop\copylist_new.txt
2019-09-04 11:23:41  [ main:14 ] - [ INFO ]  copylist路径为：C:\Users\ZHANG\Desktop\copylist_new.txt
2019-09-04 11:23:41  [ main:14 ] - [ INFO ]  copylist路径为：C:\Users\ZHANG\Desktop\copylist_new.txt
2019-09-04 11:23:41  [ main:14 ] - [ INFO ]  copylist路径为：C:\Users\ZHANG\Desktop\copylist_new.txt
2019-09-04 11:23:41  [ main:15 ] - [ INFO ]  copylist路径为：C:\Users\ZHANG\Desktop\copylist_new.txt
2019-09-04 11:23:41  [ main:15 ] - [ INFO ]  copylist路径为：C:\Users\ZHANG\Desktop\copylist_new.txt
2019-09-04 11:23:41  [ main:15 ] - [ INFO ]  copylist路径为：C:\Users\ZHANG\Desktop\copylist_new.txt
2019-09-04 11:23:41  [ main:15 ] - [ INFO ]  copylist路径为：C:\Users\ZHANG\Desktop\copylist_new.txt
2019-09-04 11:23:41  [ main:16 ] - [ INFO ]  copylist路径为：C:\Users\ZHANG\Desktop\copylist_new.txt
2019-09-04 11:23:41  [ main:16 ] - [ INFO ]  copylist路径为：C:\Users\ZHANG\Desktop\copylist_new.txt
2019-09-04 11:23:41  [ main:16 ] - [ INFO ]  copylist路径为：C:\Users\ZHANG\Desktop\copylist_new.txt
2019-09-04 11:23:41  [ main:17 ] - [ INFO ]  copylist路径为：C:\Users\ZHANG\Desktop\copylist_new.txt
2019-09-04 11:23:41  [ main:17 ] - [ INFO ]  copylist路径为：C:\Users\ZHANG\Desktop\copylist_new.txt
2019-09-04 11:23:41  [ main:17 ] - [ INFO ]  copylist路径为：C:\Users\ZHANG\Desktop\copylist_new.txt
2019-09-04 11:23:41  [ main:17 ] - [ INFO ]  copylist路径为：C:\Users\ZHANG\Desktop\copylist_new.txt
2019-09-04 11:23:41  [ main:20 ] - [ INFO ]  copylist路径为：C:\Users\ZHANG\Desktop\copylist_new.txt
2019-09-04 11:23:41  [ main:20 ] - [ INFO ]  copylist路径为：C:\Users\ZHANG\Desktop\copylist_new.txt
2019-09-04 11:23:41  [ main:21 ] - [ INFO ]  copylist路径为：C:\Users\ZHANG\Desktop\copylist_new.txt
2019-09-04 11:23:41  [ main:21 ] - [ INFO ]  copylist路径为：C:\Users\ZHANG\Desktop\copylist_new.txt
2019-09-04 11:23:41  [ main:22 ] - [ INFO ]  copylist路径为：C:\Users\ZHANG\Desktop\copylist_new.txt
2019-09-04 11:23:41  [ main:22 ] - [ INFO ]  copylist路径为：C:\Users\ZHANG\Desktop\copylist_new.txt
2019-09-04 11:23:41  [ main:23 ] - [ INFO ]  copylist路径为：C:\Users\ZHANG\Desktop\copylist_new.txt
2019-09-04 11:23:41  [ main:23 ] - [ INFO ]  检测到路径WebRoot/rms/webapp下有文件修改，加入dist路径，请勿忘记打包dist
2019-09-04 11:23:41  [ main:24 ] - [ INFO ]  生成copylist成功
2019-09-04 11:23:58  [ main:0 ] - [ INFO ]  开始生成copylist，源文件路径：C:/Users/ZHANG/Desktop/1.txt，源文件前缀：/04javaemp/01dev/05code/emp_branches/emp_7.3_windows/emp，目标文件路径：C:/Users/ZHANG/Desktop/copylist_new.txt，目标文件前缀：emp_sta
2019-09-04 11:23:58  [ main:13 ] - [ INFO ]  检测到路径WebRoot/rms/webapp下有文件修改，加入dist路径，请勿忘记打包dist
2019-09-04 11:23:58  [ main:14 ] - [ INFO ]  copylist路径为：C:\Users\ZHANG\Desktop\copylist_new.txt
2019-09-04 11:23:58  [ main:14 ] - [ INFO ]  生成copylist成功
2019-09-04 11:24:41  [ main:0 ] - [ INFO ]  开始生成copylist，源文件路径：C:/Users/ZHANG/Desktop/1.txt，源文件前缀：/04javaemp/01dev/05code/emp_branches/emp_7.3_windows/emp，目标文件路径：copylist_new.txt，目标文件前缀：emp_sta
2019-09-04 11:24:41  [ main:16 ] - [ INFO ]  检测到路径WebRoot/rms/webapp下有文件修改，加入dist路径，请勿忘记打包dist
2019-09-04 11:24:41  [ main:17 ] - [ INFO ]  copylist路径为：copylist_new.txt
2019-09-04 11:24:41  [ main:17 ] - [ INFO ]  生成copylist成功
2019-09-04 11:26:48  [ main:0 ] - [ INFO ]  开始生成copylist，源文件路径：C:/Users/ZHANG/Desktop/1.txt，源文件前缀：/04javaemp/01dev/05code/emp_branches/emp_7.3_windows/emp，目标文件路径：copylist_new.txt，目标文件前缀：emp_sta
2019-09-04 11:26:48  [ main:13 ] - [ INFO ]  检测到路径WebRoot/rms/webapp下有文件修改，加入dist路径，请勿忘记打包dist
2019-09-04 11:26:48  [ main:15 ] - [ INFO ]  copylist路径为：copylist_new.txt
2019-09-04 11:26:48  [ main:16 ] - [ INFO ]  生成copylist成功
2019-09-04 11:29:49  [ main:1 ] - [ INFO ]  开始生成copylist，源文件路径：C:/Users/ZHANG/Desktop/1.txt，源文件前缀：/04javaemp/01dev/05code/emp_branches/emp_7.3_windows/emp，目标文件路径：copylist_new.txt，目标文件前缀：emp_sta
2019-09-04 11:29:49  [ main:16 ] - [ INFO ]  检测到路径WebRoot/rms/webapp下有文件修改，加入dist路径，请勿忘记打包dist
2019-09-04 11:29:49  [ main:17 ] - [ INFO ]  copylist路径为：copylist_new.txt
2019-09-04 11:29:49  [ main:17 ] - [ INFO ]  生成copylist成功
2019-09-04 11:34:29  [ main:0 ] - [ INFO ]  开始生成copylist，源文件路径：C:/Users/ZHANG/Desktop/1.txt，源文件前缀：/04javaemp/01dev/05code/emp_branches/emp_7.3_windows/emp，目标文件路径：copylist_new.txt，目标文件前缀：emp_sta
2019-09-04 11:34:29  [ main:16 ] - [ INFO ]  检测到路径WebRoot/rms/webapp下有文件修改，加入dist路径，请勿忘记打包dist
2019-09-04 11:34:29  [ main:17 ] - [ INFO ]  copylist路径为：E:\mw_projects\make-copylist\copylist_new.txt
2019-09-04 11:34:29  [ main:18 ] - [ INFO ]  生成copylist成功
2019-09-04 11:46:30  [ main:0 ] - [ INFO ]  开始生成copylist，源文件路径：C:/Users/ZHANG/Desktop/1.txt，源文件前缀：/04javaemp/01dev/05code/emp_branches/emp_7.3_windows/emp，目标文件路径：copylist_new.txt，目标文件前缀：emp_sta
2019-09-04 11:46:30  [ main:19 ] - [ INFO ]  检测到路径WebRoot/rms/webapp下有文件修改，加入dist路径，请勿忘记打包dist
2019-09-04 11:46:30  [ main:20 ] - [ INFO ]  copylist路径为：E:\mw_projects\make-copylist\copylist_new.txt
2019-09-04 11:46:30  [ main:20 ] - [ INFO ]  生成copylist成功
2019-09-04 11:52:10  [ main:0 ] - [ INFO ]  开始生成copylist，源文件路径：C:/Users/ZHANG/Desktop/1.txt，源文件前缀：/04javaemp/01dev/05code/emp_branches/emp_7.3_windows/emp，目标文件路径：copylist_new.txt，目标文件前缀：emp_sta
2019-09-04 11:52:10  [ main:15 ] - [ INFO ]  检测到路径WebRoot/rms/webapp下有文件修改，加入dist路径，请勿忘记打包dist
2019-09-04 11:52:10  [ main:15 ] - [ INFO ]  copylist路径为：E:\mw_projects\make-copylist\copylist_new.txt
2019-09-04 11:52:10  [ main:16 ] - [ INFO ]  生成copylist成功
2019-09-04 13:43:42  [ main:0 ] - [ INFO ]  开始生成copylist，源文件路径：C:/Users/ZHANG/Desktop/1.txt，源文件前缀：/04javaemp/01dev/05code/emp_branches/emp_7.3_windows/emp，目标文件路径：copylist_new.txt，目标文件前缀：emp_sta
2019-09-04 13:43:42  [ main:3 ] - [ ERROR ]  源文件路径不存在:C:/Users/ZHANG/Desktop/1.txt
2019-09-04 13:43:42  [ main:4 ] - [ INFO ]  生成copylist失败
2019-09-04 14:03:01  [ main:0 ] - [ INFO ]  开始生成copylist，源文件路径：C:/Users/ZHANG/Desktop/22.txt，源文件前缀：/04javaemp/01dev/05code/emp_branches/emp_7.3_windows/emp，目标文件路径：C:/Users/ZHANG/Desktop/copylist_new.txt，目标文件前缀：emp_sta
2019-09-04 14:06:43  [ main:221920 ] - [ INFO ]  检测到路径WebRoot/rms/webapp下有文件修改，加入dist路径，请勿忘记打包dist
2019-09-04 14:06:43  [ main:221921 ] - [ INFO ]  copylist路径为：C:\Users\ZHANG\Desktop\copylist_new.txt
2019-09-04 14:06:43  [ main:221922 ] - [ INFO ]  生成copylist成功
2019-09-04 14:07:05  [ main:0 ] - [ INFO ]  开始生成copylist，源文件路径：C:/Users/ZHANG/Desktop/22.txt，源文件前缀：/04javaemp/01dev/05code/emp_branches/emp_7.3_windows/emp，目标文件路径：C:/Users/ZHANG/Desktop/copylist_new.txt，目标文件前缀：emp_sta
2019-09-04 14:07:05  [ main:7 ] - [ INFO ]  发现内部类KeepAliveHttpClientBuilder$1.class，自动写入路径
2019-09-04 14:07:17  [ main:0 ] - [ INFO ]  开始生成copylist，源文件路径：C:/Users/ZHANG/Desktop/22.txt，源文件前缀：/04javaemp/01dev/05code/emp_branches/emp_7.3_windows/emp，目标文件路径：C:/Users/ZHANG/Desktop/copylist_new.txt，目标文件前缀：emp_sta
2019-09-04 14:07:17  [ main:6 ] - [ INFO ]  发现内部类KeepAliveHttpClientBuilder$1.class，自动写入路径
2019-09-04 14:07:23  [ main:0 ] - [ INFO ]  开始生成copylist，源文件路径：C:/Users/ZHANG/Desktop/22.txt，源文件前缀：/04javaemp/01dev/05code/emp_branches/emp_7.3_windows/emp，目标文件路径：C:/Users/ZHANG/Desktop/copylist_new.txt，目标文件前缀：emp_sta
2019-09-04 14:07:26  [ main:3660 ] - [ INFO ]  发现内部类KeepAliveHttpClientBuilder$1.class，自动写入路径
2019-09-04 14:08:49  [ main:0 ] - [ INFO ]  开始生成copylist，源文件路径：C:/Users/ZHANG/Desktop/22.txt，源文件前缀：/04javaemp/01dev/05code/emp_branches/emp_7.3_windows/emp，目标文件路径：C:/Users/ZHANG/Desktop/copylist_new.txt，目标文件前缀：emp_sta
2019-09-04 14:08:49  [ main:5 ] - [ INFO ]  发现内部类KeepAliveHttpClientBuilder$1.class，自动写入路径
2019-09-04 14:08:49  [ main:5 ] - [ INFO ]  发现内部类KeepAliveHttpClientBuilder$HttpConnectionManager$ConnectorHolder.class，自动写入路径
2019-09-04 14:08:49  [ main:5 ] - [ INFO ]  发现内部类KeepAliveHttpClientBuilder$HttpConnectionManager.class，自动写入路径
2019-09-04 14:08:49  [ main:15 ] - [ INFO ]  检测到路径WebRoot/rms/webapp下有文件修改，加入dist路径，请勿忘记打包dist
2019-09-04 14:08:49  [ main:17 ] - [ INFO ]  copylist路径为：C:\Users\ZHANG\Desktop\copylist_new.txt
2019-09-04 14:08:49  [ main:18 ] - [ INFO ]  生成copylist成功
